Copyright 1986-2019 Xilinx, Inc. All Rights Reserved.
----------------------------------------------------------------------------------------------------------------------------------------------------------------------
| Tool Version     : Vivado v.2019.2 (win64) Build 2708876 Wed Nov  6 21:40:23 MST 2019
| Date             : Wed Mar 26 20:10:15 2025
| Host             : DESKTOP-NNQ7JK0 running 64-bit major release  (build 9200)
| Command          : report_power -file design_1_wrapper_power_routed.rpt -pb design_1_wrapper_power_summary_routed.pb -rpx design_1_wrapper_power_routed.rpx
| Design           : design_1_wrapper
| Device           : xczu4ev-sfvc784-1-i
| Design State     : routed
| Grade            : industrial
| Process          : typical
| Characterization : Production
----------------------------------------------------------------------------------------------------------------------------------------------------------------------

Power Report

Table of Contents
-----------------
1. Summary
1.1 On-Chip Components
1.2 Power Supply Summary
1.3 Confidence Level
2. Settings
2.1 Environment
2.2 Clock Constraints
3. Detailed Reports
3.1 By Hierarchy

1. Summary
----------

+--------------------------+--------------+
| Total On-Chip Power (W)  | 0.522        |
| Design Power Budget (W)  | Unspecified* |
| Power Budget Margin (W)  | NA           |
| Dynamic (W)              | 0.157        |
| Device Static (W)        | 0.365        |
| Effective TJA (C/W)      | 2.3          |
| Max Ambient (C)          | 98.8         |
| Junction Temperature (C) | 26.2         |
| Confidence Level         | Medium       |
| Setting File             | ---          |
| Simulation Activity File | ---          |
| Design Nets Matched      | NA           |
+--------------------------+--------------+
* Specify Design Power Budget using, set_operating_conditions -design_power_budget <value in Watts>


1.1 On-Chip Components
----------------------

+--------------------------+-----------+----------+-----------+-----------------+
| On-Chip                  | Power (W) | Used     | Available | Utilization (%) |
+--------------------------+-----------+----------+-----------+-----------------+
| Clocks                   |     0.015 |        7 |       --- |             --- |
| CLB Logic                |     0.008 |    10844 |       --- |             --- |
|   LUT as Logic           |     0.005 |     3672 |     87840 |            4.18 |
|   LUT as Distributed RAM |     0.002 |       72 |     57600 |            0.13 |
|   LUT as Shift Register  |    <0.001 |      289 |     57600 |            0.50 |
|   Register               |    <0.001 |     4657 |    175680 |            2.65 |
|   CARRY8                 |    <0.001 |       51 |     14640 |            0.35 |
|   Others                 |    <0.001 |      792 |       --- |             --- |
|   F7/F8 Muxes            |     0.000 |      111 |    117120 |            0.09 |
| Signals                  |     0.010 |     7474 |       --- |             --- |
| Block RAM                |     0.024 |       50 |       128 |           39.06 |
| MMCM                     |     0.097 |        0 |       --- |             --- |
| I/O                      |     0.003 |        5 |       252 |            1.98 |
| Static Power             |     0.365 |          |           |                 |
| Total                    |     0.522 |          |           |                 |
+--------------------------+-----------+----------+-----------+-----------------+


1.2 Power Supply Summary
------------------------

+-----------------+-------------+-----------+-------------+------------+
| Source          | Voltage (V) | Total (A) | Dynamic (A) | Static (A) |
+-----------------+-------------+-----------+-------------+------------+
| Vccint          |       0.850 |     0.144 |       0.066 |      0.078 |
| Vccint_io       |       0.850 |     0.036 |       0.000 |      0.035 |
| Vccbram         |       0.850 |     0.002 |       0.001 |      0.001 |
| Vccaux          |       1.800 |     0.131 |       0.054 |      0.077 |
| Vccaux_io       |       1.800 |     0.033 |       0.002 |      0.031 |
| Vcco33          |       3.300 |     0.007 |       0.000 |      0.007 |
| Vcco25          |       2.500 |     0.000 |       0.000 |      0.000 |
| Vcco18          |       1.800 |     0.000 |       0.000 |      0.000 |
| Vcco15          |       1.500 |     0.000 |       0.000 |      0.000 |
| Vcco135         |       1.350 |     0.000 |       0.000 |      0.000 |
| Vcco12          |       1.200 |     0.000 |       0.000 |      0.000 |
| Vcco10          |       1.000 |     0.000 |       0.000 |      0.000 |
| Vccadc          |       1.800 |     0.008 |       0.000 |      0.008 |
| VCC_PSINTFP     |       0.850 |     0.000 |       0.000 |      0.000 |
| VCC_PSINTLP     |       0.850 |     0.005 |       0.000 |      0.005 |
| VPS_MGTRAVCC    |       0.850 |     0.000 |       0.000 |      0.000 |
| VCC_PSINTFP_DDR |       0.850 |     0.000 |       0.000 |      0.000 |
| VCC_PSPLL       |       1.200 |     0.002 |       0.000 |      0.002 |
| VPS_MGTRAVTT    |       1.800 |     0.000 |       0.000 |      0.000 |
| VCCO_PSDDR_504  |       1.200 |     0.000 |       0.000 |      0.000 |
| VCC_PSAUX       |       1.800 |     0.002 |       0.000 |      0.002 |
| VCC_PSBATT      |       1.200 |     0.000 |       0.000 |      0.000 |
| VCC_PSDDR_PLL   |       1.800 |     0.000 |       0.000 |      0.000 |
| VCCO_PSIO0_500  |       3.300 |     0.000 |       0.000 |      0.000 |
| VCCO_PSIO1_501  |       3.300 |     0.000 |       0.000 |      0.000 |
| VCCO_PSIO2_502  |       3.300 |     0.000 |       0.000 |      0.000 |
| VCCO_PSIO3_503  |       3.300 |     0.000 |       0.000 |      0.000 |
| VCC_PSADC       |       1.800 |     0.002 |       0.000 |      0.002 |
| VCCINT_VCU      |       0.900 |     0.025 |       0.000 |      0.025 |
| MGTAVcc         |       0.900 |     0.000 |       0.000 |      0.000 |
| MGTAVtt         |       1.200 |     0.000 |       0.000 |      0.000 |
| MGTVccaux       |       1.800 |     0.000 |       0.000 |      0.000 |
+-----------------+-------------+-----------+-------------+------------+


1.3 Confidence Level
--------------------

+-----------------------------+------------+-------------------------------------------------------+------------------------------------------------------------------------------------------------------------+
| User Input Data             | Confidence | Details                                               | Action                                                                                                     |
+-----------------------------+------------+-------------------------------------------------------+------------------------------------------------------------------------------------------------------------+
| Design implementation state | High       | Design is routed                                      |                                                                                                            |
| Clock nodes activity        | High       | User specified more than 95% of clocks                |                                                                                                            |
| I/O nodes activity          | Medium     | More than 5% of inputs are missing user specification | Provide missing input activity with simulation results or by editing the "By Resource Type -> I/Os" view   |
| Internal nodes activity     | Medium     | User specified less than 25% of internal nodes        | Provide missing internal nodes activity with simulation results or by editing the "By Resource Type" views |
| Device models               | High       | Device models are Production                          |                                                                                                            |
|                             |            |                                                       |                                                                                                            |
| Overall confidence level    | Medium     |                                                       |                                                                                                            |
+-----------------------------+------------+-------------------------------------------------------+------------------------------------------------------------------------------------------------------------+


2. Settings
-----------

2.1 Environment
---------------

+-----------------------+--------------------------+
| Ambient Temp (C)      | 25.0                     |
| ThetaJA (C/W)         | 2.3                      |
| Airflow (LFM)         | 250                      |
| Heat Sink             | medium (Medium Profile)  |
| ThetaSA (C/W)         | 5.5                      |
| Board Selection       | medium (10"x10")         |
| # of Board Layers     | 12to15 (12 to 15 Layers) |
| Board Temperature (C) | 25.0                     |
+-----------------------+--------------------------+


2.2 Clock Constraints
---------------------

+------------------------------------------------------------+---------------------------------------------------------+-----------------+
| Clock                                                      | Domain                                                  | Constraint (ns) |
+------------------------------------------------------------+---------------------------------------------------------+-----------------+
| CLK_IN_clk_p                                               | CLK_IN_clk_p                                            |            10.0 |
| clk_out1_design_1_clk_wiz_1_0                              | design_1_i/clk_wiz_1/inst/clk_out1_design_1_clk_wiz_1_0 |            10.0 |
| design_1_i/mdm_1/U0/Use_E2.BSCAN_I/Use_E2.BSCANE2_I/DRCK   | design_1_i/mdm_1/U0/Use_E2.BSCAN_I/DRCK                 |            33.3 |
| design_1_i/mdm_1/U0/Use_E2.BSCAN_I/Use_E2.BSCANE2_I/UPDATE | design_1_i/mdm_1/U0/Use_E2.BSCAN_I/Ext_JTAG_UPDATE      |            66.7 |
+------------------------------------------------------------+---------------------------------------------------------+-----------------+


3. Detailed Reports
-------------------

3.1 By Hierarchy
----------------

+-------------------------------+-----------+
| Name                          | Power (W) |
+-------------------------------+-----------+
| design_1_wrapper              |     0.157 |
|   design_1_i                  |     0.157 |
|     axi_bram_ctrl_0           |     0.001 |
|       U0                      |     0.001 |
|     axi_dma_0                 |     0.008 |
|       U0                      |     0.008 |
|     blk_mem_gen_0             |     0.007 |
|       U0                      |     0.007 |
|     clk_wiz_1                 |     0.101 |
|       inst                    |     0.101 |
|     floating_point_0          |     0.003 |
|       U0                      |     0.003 |
|     microblaze_0              |     0.012 |
|       U0                      |     0.012 |
|     microblaze_0_axi_periph   |     0.007 |
|       m00_couplers            |     0.001 |
|       m01_couplers            |     0.002 |
|       m03_couplers            |     0.002 |
|       xbar                    |     0.002 |
|     microblaze_0_local_memory |     0.017 |
|       lmb_bram                |     0.017 |
+-------------------------------+-----------+


