#-----------------------------------------------------------
# updatemem v2019.2 (64-bit)
# SW Build 2708876 on Wed Nov  6 21:40:23 MST 2019
# 
# Start of session at: Sat Mar 22 17:17:53 2025
# Process ID: 32412
# Current directory: C:/Users/enine/Desktop/DMA
# Command line: updatemem.exe -mode batch -source D:/Programs/Xilinx/Vitis/2019.2/scripts/updatemem/main.tcl -notrace -tclargs -meminfo C:/Users/enine/Desktop/DMA/DMA.runs/impl_1/design_1_wrapper.mmi -data D:/Programs/Xilinx/Vitis/2019.2/data/embeddedsw/lib/microblaze/mb_bootloop_le.elf -proc design_1_i/microblaze_0 -bit C:/Users/enine/Desktop/DMA/DMA.runs/impl_1/design_1_wrapper.bit -out C:/Users/enine/Desktop/DMA/DMA.runs/impl_1/download.bit -force
# Log file: C:/Users/enine/Desktop/DMA/updatemem.log
# Journal file: C:/Users/enine/Desktop/DMA\updatemem.jou
#-----------------------------------------------------------
source D:/Programs/Xilinx/Vitis/2019.2/scripts/updatemem/main.tcl -notrace
Command: update_mem -meminfo C:/Users/enine/Desktop/DMA/DMA.runs/impl_1/design_1_wrapper.mmi -data D:/Programs/Xilinx/Vitis/2019.2/data/embeddedsw/lib/microblaze/mb_bootloop_le.elf -proc design_1_i/microblaze_0 -bit C:/Users/enine/Desktop/DMA/DMA.runs/impl_1/design_1_wrapper.bit -out C:/Users/enine/Desktop/DMA/DMA.runs/impl_1/download.bit -force
Loading bitfile C:/Users/enine/Desktop/DMA/DMA.runs/impl_1/design_1_wrapper.bit
Loading data files...
Updating memory content...
Creating bitstream...
Bitstream compression saved 40710848 bits.
Writing bitstream C:/Users/enine/Desktop/DMA/DMA.runs/impl_1/download.bit...
0 Infos, 0 Warnings, 0 Critical Warnings and 0 Errors encountered.
update_mem completed successfully
update_mem: Time (s): cpu = 00:00:03 ; elapsed = 00:00:05 . Memory (MB): peak = 235.535 ; gain = 144.875
INFO: [Common 17-206] Exiting updatemem at Sat Mar 22 17:17:58 2025...
