20:20:39 INFO  : Launching XSCT server: xsct.bat -n  -interactive C:\Users\enine\Desktop\DMA\vitis\temp_xsdb_launch_script.tcl
20:20:40 INFO  : XSCT server has started successfully.
20:20:40 INFO  : Successfully done setting XSCT server connection channel  
20:20:40 INFO  : plnx-install-location is set to ''
20:20:40 INFO  : Successfully done query RDI_DATADIR 
20:20:40 INFO  : Successfully done setting workspace for the tool. 
20:20:41 INFO  : Registering command handlers for Vitis TCF services
20:20:53 INFO  : Successfully done sdx_reload_mss "C:/Users/enine/Desktop/DMA/vitis/DMA/microblaze_0/standalone_domain/bsp/system.mss"
20:21:11 INFO  : Example project xaxidma_example_simple_intr_1 has been created successfully.
20:21:17 INFO  : Checking for BSP changes to sync application flags for project 'xaxidma_example_simple_intr_1'...
20:22:03 INFO  : Checking for BSP changes to sync application flags for project 'xaxidma_example_simple_intr_1'...
20:22:16 INFO  : Connected to target on host '127.0.0.1' and port '3121'.
20:22:17 INFO  : Jtag cable 'Digilent JTAG-SMT2 210251A08870' is selected.
20:22:17 INFO  : 'jtag frequency' command is executed.
20:22:17 INFO  : 'targets -set -filter {jtag_cable_name =~ "Digilent JTAG-SMT2 210251A08870" && level==0} -index 0' command is executed.
20:22:19 INFO  : FPGA configured successfully with bitstream "C:/Users/enine/Desktop/DMA/vitis/xaxidma_example_simple_intr_1/_ide/bitstream/design_1_wrapper.bit"
20:22:19 INFO  : 'configparams mdm-detect-bscan-mask 2' command is executed.
20:22:19 INFO  : Context for processor 'microblaze_0' is selected.
20:22:19 INFO  : System reset is completed.
20:22:22 INFO  : 'after 3000' command is executed.
20:22:22 INFO  : Context for processor 'microblaze_0' is selected.
20:22:22 INFO  : The application 'C:/Users/enine/Desktop/DMA/vitis/xaxidma_example_simple_intr_1/Debug/xaxidma_example_simple_intr_1.elf' is downloaded to processor 'microblaze_0'.
20:22:22 INFO  : ----------------XSDB Script----------------
connect -url tcp:127.0.0.1:3121
targets -set -filter {jtag_cable_name =~ "Digilent JTAG-SMT2 210251A08870" && level==0} -index 0
fpga -file C:/Users/enine/Desktop/DMA/vitis/xaxidma_example_simple_intr_1/_ide/bitstream/design_1_wrapper.bit
configparams mdm-detect-bscan-mask 2
targets -set -nocase -filter {name =~ "*microblaze*#0" && bscan=="USER2" }
rst -system
after 3000
targets -set -nocase -filter {name =~ "*microblaze*#0" && bscan=="USER2" }
dow C:/Users/enine/Desktop/DMA/vitis/xaxidma_example_simple_intr_1/Debug/xaxidma_example_simple_intr_1.elf
----------------End of Script----------------

20:22:22 INFO  : Memory regions updated for context MicroBlaze #0
20:22:22 INFO  : Memory regions updated for context MicroBlaze Debug Module at USER2
20:22:22 INFO  : Context for processor 'microblaze_0' is selected.
20:22:22 INFO  : 'con' command is executed.
20:22:22 INFO  : ----------------XSDB Script (After Launch)----------------
targets -set -nocase -filter {name =~ "*microblaze*#0" && bscan=="USER2" }
con
----------------End of Script----------------

20:22:22 INFO  : Launch script is exported to file 'C:\Users\enine\Desktop\DMA\vitis\.sdk\launch_scripts\single_application_debug\debugger_xaxidma_example_simple_intr_1-default.tcl'
20:23:35 INFO  : Checking for BSP changes to sync application flags for project 'helloworld'...
20:23:43 INFO  : Disconnected from the channel tcfchan#2.
20:23:44 INFO  : Connected to target on host '127.0.0.1' and port '3121'.
20:23:44 INFO  : Jtag cable 'Digilent JTAG-SMT2 210251A08870' is selected.
20:23:44 INFO  : 'jtag frequency' command is executed.
20:23:44 INFO  : 'targets -set -filter {jtag_cable_name =~ "Digilent JTAG-SMT2 210251A08870" && level==0} -index 0' command is executed.
20:23:46 INFO  : FPGA configured successfully with bitstream "C:/Users/enine/Desktop/DMA/vitis/helloworld/_ide/bitstream/design_1_wrapper.bit"
20:23:46 INFO  : 'configparams mdm-detect-bscan-mask 2' command is executed.
20:23:46 INFO  : Context for processor 'microblaze_0' is selected.
20:23:46 INFO  : System reset is completed.
20:23:49 INFO  : 'after 3000' command is executed.
20:23:49 INFO  : Context for processor 'microblaze_0' is selected.
20:23:49 INFO  : The application 'C:/Users/enine/Desktop/DMA/vitis/helloworld/Debug/helloworld.elf' is downloaded to processor 'microblaze_0'.
20:23:49 INFO  : ----------------XSDB Script----------------
connect -url tcp:127.0.0.1:3121
targets -set -filter {jtag_cable_name =~ "Digilent JTAG-SMT2 210251A08870" && level==0} -index 0
fpga -file C:/Users/enine/Desktop/DMA/vitis/helloworld/_ide/bitstream/design_1_wrapper.bit
configparams mdm-detect-bscan-mask 2
targets -set -nocase -filter {name =~ "*microblaze*#0" && bscan=="USER2" }
rst -system
after 3000
targets -set -nocase -filter {name =~ "*microblaze*#0" && bscan=="USER2" }
dow C:/Users/enine/Desktop/DMA/vitis/helloworld/Debug/helloworld.elf
----------------End of Script----------------

20:23:49 INFO  : Memory regions updated for context MicroBlaze #0
20:23:49 INFO  : Memory regions updated for context MicroBlaze Debug Module at USER2
20:23:49 INFO  : Context for processor 'microblaze_0' is selected.
20:23:49 INFO  : 'con' command is executed.
20:23:49 INFO  : ----------------XSDB Script (After Launch)----------------
targets -set -nocase -filter {name =~ "*microblaze*#0" && bscan=="USER2" }
con
----------------End of Script----------------

20:23:49 INFO  : Launch script is exported to file 'C:\Users\enine\Desktop\DMA\vitis\.sdk\launch_scripts\single_application_debug\debugger_helloworld-default.tcl'
20:39:54 INFO  : Checking for BSP changes to sync application flags for project 'xaxidma_example_simple_intr_1'...
20:40:04 INFO  : Disconnected from the channel tcfchan#3.
20:40:05 INFO  : Connected to target on host '127.0.0.1' and port '3121'.
20:40:05 INFO  : Jtag cable 'Digilent JTAG-SMT2 210251A08870' is selected.
20:40:05 INFO  : 'jtag frequency' command is executed.
20:40:05 INFO  : 'targets -set -filter {jtag_cable_name =~ "Digilent JTAG-SMT2 210251A08870" && level==0} -index 0' command is executed.
20:40:07 INFO  : FPGA configured successfully with bitstream "C:/Users/enine/Desktop/DMA/vitis/xaxidma_example_simple_intr_1/_ide/bitstream/design_1_wrapper.bit"
20:40:07 INFO  : 'configparams mdm-detect-bscan-mask 2' command is executed.
20:40:07 INFO  : Context for processor 'microblaze_0' is selected.
20:40:07 INFO  : System reset is completed.
20:40:10 INFO  : 'after 3000' command is executed.
20:40:10 INFO  : Context for processor 'microblaze_0' is selected.
20:40:10 INFO  : The application 'C:/Users/enine/Desktop/DMA/vitis/xaxidma_example_simple_intr_1/Debug/xaxidma_example_simple_intr_1.elf' is downloaded to processor 'microblaze_0'.
20:40:10 INFO  : ----------------XSDB Script----------------
connect -url tcp:127.0.0.1:3121
targets -set -filter {jtag_cable_name =~ "Digilent JTAG-SMT2 210251A08870" && level==0} -index 0
fpga -file C:/Users/enine/Desktop/DMA/vitis/xaxidma_example_simple_intr_1/_ide/bitstream/design_1_wrapper.bit
configparams mdm-detect-bscan-mask 2
targets -set -nocase -filter {name =~ "*microblaze*#0" && bscan=="USER2" }
rst -system
after 3000
targets -set -nocase -filter {name =~ "*microblaze*#0" && bscan=="USER2" }
dow C:/Users/enine/Desktop/DMA/vitis/xaxidma_example_simple_intr_1/Debug/xaxidma_example_simple_intr_1.elf
----------------End of Script----------------

20:40:10 INFO  : Memory regions updated for context MicroBlaze #0
20:40:10 INFO  : Memory regions updated for context MicroBlaze Debug Module at USER2
20:40:10 INFO  : Context for processor 'microblaze_0' is selected.
20:40:10 INFO  : 'con' command is executed.
20:40:10 INFO  : ----------------XSDB Script (After Launch)----------------
targets -set -nocase -filter {name =~ "*microblaze*#0" && bscan=="USER2" }
con
----------------End of Script----------------

20:40:10 INFO  : Launch script is exported to file 'C:\Users\enine\Desktop\DMA\vitis\.sdk\launch_scripts\single_application_debug\debugger_xaxidma_example_simple_intr_1-default.tcl'
20:40:45 INFO  : Disconnected from the channel tcfchan#4.
20:40:46 INFO  : Connected to target on host '127.0.0.1' and port '3121'.
20:40:46 INFO  : Jtag cable 'Digilent JTAG-SMT2 210251A08870' is selected.
20:40:46 INFO  : 'jtag frequency' command is executed.
20:40:46 INFO  : 'targets -set -filter {jtag_cable_name =~ "Digilent JTAG-SMT2 210251A08870" && level==0} -index 0' command is executed.
20:40:48 INFO  : FPGA configured successfully with bitstream "C:/Users/enine/Desktop/DMA/vitis/xaxidma_example_simple_intr_1/_ide/bitstream/design_1_wrapper.bit"
20:40:48 INFO  : 'configparams mdm-detect-bscan-mask 2' command is executed.
20:40:48 INFO  : Context for processor 'microblaze_0' is selected.
20:40:48 INFO  : System reset is completed.
20:40:51 INFO  : 'after 3000' command is executed.
20:40:51 INFO  : Context for processor 'microblaze_0' is selected.
20:40:51 INFO  : The application 'C:/Users/enine/Desktop/DMA/vitis/xaxidma_example_simple_intr_1/Debug/xaxidma_example_simple_intr_1.elf' is downloaded to processor 'microblaze_0'.
20:40:51 INFO  : ----------------XSDB Script----------------
connect -url tcp:127.0.0.1:3121
targets -set -filter {jtag_cable_name =~ "Digilent JTAG-SMT2 210251A08870" && level==0} -index 0
fpga -file C:/Users/enine/Desktop/DMA/vitis/xaxidma_example_simple_intr_1/_ide/bitstream/design_1_wrapper.bit
configparams mdm-detect-bscan-mask 2
targets -set -nocase -filter {name =~ "*microblaze*#0" && bscan=="USER2" }
rst -system
after 3000
targets -set -nocase -filter {name =~ "*microblaze*#0" && bscan=="USER2" }
dow C:/Users/enine/Desktop/DMA/vitis/xaxidma_example_simple_intr_1/Debug/xaxidma_example_simple_intr_1.elf
----------------End of Script----------------

20:40:51 INFO  : Memory regions updated for context MicroBlaze #0
20:40:51 INFO  : Memory regions updated for context MicroBlaze Debug Module at USER2
20:40:51 INFO  : Context for processor 'microblaze_0' is selected.
20:40:51 INFO  : 'con' command is executed.
20:40:51 INFO  : ----------------XSDB Script (After Launch)----------------
targets -set -nocase -filter {name =~ "*microblaze*#0" && bscan=="USER2" }
con
----------------End of Script----------------

20:40:51 INFO  : Launch script is exported to file 'C:\Users\enine\Desktop\DMA\vitis\.sdk\launch_scripts\single_application_debug\debugger_xaxidma_example_simple_intr_1-default.tcl'
20:41:41 INFO  : Checking for BSP changes to sync application flags for project 'xaxidma_example_simple_intr_1'...
20:41:46 INFO  : Checking for BSP changes to sync application flags for project 'xaxidma_example_simple_intr_1'...
20:41:51 INFO  : Checking for BSP changes to sync application flags for project 'xaxidma_example_simple_intr_1'...
20:41:55 INFO  : Disconnected from the channel tcfchan#5.
20:41:56 INFO  : Connected to target on host '127.0.0.1' and port '3121'.
20:41:56 INFO  : Jtag cable 'Digilent JTAG-SMT2 210251A08870' is selected.
20:41:56 INFO  : 'jtag frequency' command is executed.
20:41:56 INFO  : 'targets -set -filter {jtag_cable_name =~ "Digilent JTAG-SMT2 210251A08870" && level==0} -index 0' command is executed.
20:41:57 INFO  : FPGA configured successfully with bitstream "C:/Users/enine/Desktop/DMA/vitis/xaxidma_example_simple_intr_1/_ide/bitstream/design_1_wrapper.bit"
20:41:57 INFO  : 'configparams mdm-detect-bscan-mask 2' command is executed.
20:41:57 INFO  : Context for processor 'microblaze_0' is selected.
20:41:57 INFO  : System reset is completed.
20:42:00 INFO  : 'after 3000' command is executed.
20:42:00 INFO  : Context for processor 'microblaze_0' is selected.
20:42:00 INFO  : The application 'C:/Users/enine/Desktop/DMA/vitis/xaxidma_example_simple_intr_1/Debug/xaxidma_example_simple_intr_1.elf' is downloaded to processor 'microblaze_0'.
20:42:00 INFO  : ----------------XSDB Script----------------
connect -url tcp:127.0.0.1:3121
targets -set -filter {jtag_cable_name =~ "Digilent JTAG-SMT2 210251A08870" && level==0} -index 0
fpga -file C:/Users/enine/Desktop/DMA/vitis/xaxidma_example_simple_intr_1/_ide/bitstream/design_1_wrapper.bit
configparams mdm-detect-bscan-mask 2
targets -set -nocase -filter {name =~ "*microblaze*#0" && bscan=="USER2" }
rst -system
after 3000
targets -set -nocase -filter {name =~ "*microblaze*#0" && bscan=="USER2" }
dow C:/Users/enine/Desktop/DMA/vitis/xaxidma_example_simple_intr_1/Debug/xaxidma_example_simple_intr_1.elf
----------------End of Script----------------

20:42:00 INFO  : Memory regions updated for context MicroBlaze #0
20:42:00 INFO  : Memory regions updated for context MicroBlaze Debug Module at USER2
20:42:00 INFO  : Context for processor 'microblaze_0' is selected.
20:42:00 INFO  : 'con' command is executed.
20:42:00 INFO  : ----------------XSDB Script (After Launch)----------------
targets -set -nocase -filter {name =~ "*microblaze*#0" && bscan=="USER2" }
con
----------------End of Script----------------

20:42:00 INFO  : Launch script is exported to file 'C:\Users\enine\Desktop\DMA\vitis\.sdk\launch_scripts\single_application_debug\debugger_xaxidma_example_simple_intr_1-default.tcl'
20:43:14 INFO  : Checking for BSP changes to sync application flags for project 'xaxidma_example_simple_intr_1'...
20:43:19 INFO  : Checking for BSP changes to sync application flags for project 'xaxidma_example_simple_intr_1'...
20:43:22 INFO  : Disconnected from the channel tcfchan#6.
20:43:23 INFO  : Connected to target on host '127.0.0.1' and port '3121'.
20:43:23 INFO  : Jtag cable 'Digilent JTAG-SMT2 210251A08870' is selected.
20:43:23 INFO  : 'jtag frequency' command is executed.
20:43:23 INFO  : 'targets -set -filter {jtag_cable_name =~ "Digilent JTAG-SMT2 210251A08870" && level==0} -index 0' command is executed.
20:43:24 INFO  : FPGA configured successfully with bitstream "C:/Users/enine/Desktop/DMA/vitis/xaxidma_example_simple_intr_1/_ide/bitstream/design_1_wrapper.bit"
20:43:24 INFO  : 'configparams mdm-detect-bscan-mask 2' command is executed.
20:43:24 INFO  : Context for processor 'microblaze_0' is selected.
20:43:24 INFO  : System reset is completed.
20:43:27 INFO  : 'after 3000' command is executed.
20:43:27 INFO  : Context for processor 'microblaze_0' is selected.
20:43:27 INFO  : The application 'C:/Users/enine/Desktop/DMA/vitis/xaxidma_example_simple_intr_1/Debug/xaxidma_example_simple_intr_1.elf' is downloaded to processor 'microblaze_0'.
20:43:27 INFO  : ----------------XSDB Script----------------
connect -url tcp:127.0.0.1:3121
targets -set -filter {jtag_cable_name =~ "Digilent JTAG-SMT2 210251A08870" && level==0} -index 0
fpga -file C:/Users/enine/Desktop/DMA/vitis/xaxidma_example_simple_intr_1/_ide/bitstream/design_1_wrapper.bit
configparams mdm-detect-bscan-mask 2
targets -set -nocase -filter {name =~ "*microblaze*#0" && bscan=="USER2" }
rst -system
after 3000
targets -set -nocase -filter {name =~ "*microblaze*#0" && bscan=="USER2" }
dow C:/Users/enine/Desktop/DMA/vitis/xaxidma_example_simple_intr_1/Debug/xaxidma_example_simple_intr_1.elf
----------------End of Script----------------

20:43:27 INFO  : Memory regions updated for context MicroBlaze #0
20:43:27 INFO  : Memory regions updated for context MicroBlaze Debug Module at USER2
20:43:27 INFO  : Context for processor 'microblaze_0' is selected.
20:43:27 INFO  : 'con' command is executed.
20:43:27 INFO  : ----------------XSDB Script (After Launch)----------------
targets -set -nocase -filter {name =~ "*microblaze*#0" && bscan=="USER2" }
con
----------------End of Script----------------

20:43:27 INFO  : Launch script is exported to file 'C:\Users\enine\Desktop\DMA\vitis\.sdk\launch_scripts\single_application_debug\debugger_xaxidma_example_simple_intr_1-default.tcl'
20:47:50 INFO  : Checking for BSP changes to sync application flags for project 'xaxidma_example_simple_intr_1'...
20:47:52 INFO  : Checking for BSP changes to sync application flags for project 'xaxidma_example_simple_intr_1'...
20:47:55 INFO  : Checking for BSP changes to sync application flags for project 'xaxidma_example_simple_intr_1'...
20:48:00 INFO  : Disconnected from the channel tcfchan#7.
20:48:01 INFO  : Connected to target on host '127.0.0.1' and port '3121'.
20:48:01 INFO  : Jtag cable 'Digilent JTAG-SMT2 210251A08870' is selected.
20:48:01 INFO  : 'jtag frequency' command is executed.
20:48:01 INFO  : 'targets -set -filter {jtag_cable_name =~ "Digilent JTAG-SMT2 210251A08870" && level==0} -index 0' command is executed.
20:48:02 INFO  : FPGA configured successfully with bitstream "C:/Users/enine/Desktop/DMA/vitis/xaxidma_example_simple_intr_1/_ide/bitstream/design_1_wrapper.bit"
20:48:02 INFO  : 'configparams mdm-detect-bscan-mask 2' command is executed.
20:48:02 INFO  : Context for processor 'microblaze_0' is selected.
20:48:02 INFO  : System reset is completed.
20:48:05 INFO  : 'after 3000' command is executed.
20:48:05 INFO  : Context for processor 'microblaze_0' is selected.
20:48:06 INFO  : The application 'C:/Users/enine/Desktop/DMA/vitis/xaxidma_example_simple_intr_1/Debug/xaxidma_example_simple_intr_1.elf' is downloaded to processor 'microblaze_0'.
20:48:06 INFO  : ----------------XSDB Script----------------
connect -url tcp:127.0.0.1:3121
targets -set -filter {jtag_cable_name =~ "Digilent JTAG-SMT2 210251A08870" && level==0} -index 0
fpga -file C:/Users/enine/Desktop/DMA/vitis/xaxidma_example_simple_intr_1/_ide/bitstream/design_1_wrapper.bit
configparams mdm-detect-bscan-mask 2
targets -set -nocase -filter {name =~ "*microblaze*#0" && bscan=="USER2" }
rst -system
after 3000
targets -set -nocase -filter {name =~ "*microblaze*#0" && bscan=="USER2" }
dow C:/Users/enine/Desktop/DMA/vitis/xaxidma_example_simple_intr_1/Debug/xaxidma_example_simple_intr_1.elf
----------------End of Script----------------

20:48:06 INFO  : Memory regions updated for context MicroBlaze #0
20:48:06 INFO  : Memory regions updated for context MicroBlaze Debug Module at USER2
20:48:06 INFO  : Context for processor 'microblaze_0' is selected.
20:48:06 INFO  : 'con' command is executed.
20:48:06 INFO  : ----------------XSDB Script (After Launch)----------------
targets -set -nocase -filter {name =~ "*microblaze*#0" && bscan=="USER2" }
con
----------------End of Script----------------

20:48:06 INFO  : Launch script is exported to file 'C:\Users\enine\Desktop\DMA\vitis\.sdk\launch_scripts\single_application_debug\debugger_xaxidma_example_simple_intr_1-default.tcl'
20:48:26 INFO  : Checking for BSP changes to sync application flags for project 'xaxidma_example_simple_intr_1'...
20:48:30 INFO  : Disconnected from the channel tcfchan#8.
20:48:31 INFO  : Connected to target on host '127.0.0.1' and port '3121'.
20:48:31 INFO  : Jtag cable 'Digilent JTAG-SMT2 210251A08870' is selected.
20:48:31 INFO  : 'jtag frequency' command is executed.
20:48:31 INFO  : 'targets -set -filter {jtag_cable_name =~ "Digilent JTAG-SMT2 210251A08870" && level==0} -index 0' command is executed.
20:48:32 INFO  : FPGA configured successfully with bitstream "C:/Users/enine/Desktop/DMA/vitis/xaxidma_example_simple_intr_1/_ide/bitstream/design_1_wrapper.bit"
20:48:32 INFO  : 'configparams mdm-detect-bscan-mask 2' command is executed.
20:48:32 INFO  : Context for processor 'microblaze_0' is selected.
20:48:32 INFO  : System reset is completed.
20:48:35 INFO  : 'after 3000' command is executed.
20:48:35 INFO  : Context for processor 'microblaze_0' is selected.
20:48:36 INFO  : The application 'C:/Users/enine/Desktop/DMA/vitis/xaxidma_example_simple_intr_1/Debug/xaxidma_example_simple_intr_1.elf' is downloaded to processor 'microblaze_0'.
20:48:36 INFO  : ----------------XSDB Script----------------
connect -url tcp:127.0.0.1:3121
targets -set -filter {jtag_cable_name =~ "Digilent JTAG-SMT2 210251A08870" && level==0} -index 0
fpga -file C:/Users/enine/Desktop/DMA/vitis/xaxidma_example_simple_intr_1/_ide/bitstream/design_1_wrapper.bit
configparams mdm-detect-bscan-mask 2
targets -set -nocase -filter {name =~ "*microblaze*#0" && bscan=="USER2" }
rst -system
after 3000
targets -set -nocase -filter {name =~ "*microblaze*#0" && bscan=="USER2" }
dow C:/Users/enine/Desktop/DMA/vitis/xaxidma_example_simple_intr_1/Debug/xaxidma_example_simple_intr_1.elf
----------------End of Script----------------

20:48:36 INFO  : Memory regions updated for context MicroBlaze #0
20:48:36 INFO  : Memory regions updated for context MicroBlaze Debug Module at USER2
20:48:36 INFO  : Context for processor 'microblaze_0' is selected.
20:48:36 INFO  : 'con' command is executed.
20:48:36 INFO  : ----------------XSDB Script (After Launch)----------------
targets -set -nocase -filter {name =~ "*microblaze*#0" && bscan=="USER2" }
con
----------------End of Script----------------

20:48:36 INFO  : Launch script is exported to file 'C:\Users\enine\Desktop\DMA\vitis\.sdk\launch_scripts\single_application_debug\debugger_xaxidma_example_simple_intr_1-default.tcl'
20:48:42 INFO  : Checking for BSP changes to sync application flags for project 'xaxidma_example_simple_intr_1'...
20:48:46 INFO  : Checking for BSP changes to sync application flags for project 'xaxidma_example_simple_intr_1'...
20:48:49 INFO  : Disconnected from the channel tcfchan#9.
20:48:50 INFO  : Connected to target on host '127.0.0.1' and port '3121'.
20:48:50 INFO  : Jtag cable 'Digilent JTAG-SMT2 210251A08870' is selected.
20:48:50 INFO  : 'jtag frequency' command is executed.
20:48:51 INFO  : 'targets -set -filter {jtag_cable_name =~ "Digilent JTAG-SMT2 210251A08870" && level==0} -index 0' command is executed.
20:48:52 INFO  : FPGA configured successfully with bitstream "C:/Users/enine/Desktop/DMA/vitis/xaxidma_example_simple_intr_1/_ide/bitstream/design_1_wrapper.bit"
20:48:52 INFO  : 'configparams mdm-detect-bscan-mask 2' command is executed.
20:48:52 INFO  : Context for processor 'microblaze_0' is selected.
20:48:52 INFO  : System reset is completed.
20:48:55 INFO  : 'after 3000' command is executed.
20:48:55 INFO  : Context for processor 'microblaze_0' is selected.
20:48:55 INFO  : The application 'C:/Users/enine/Desktop/DMA/vitis/xaxidma_example_simple_intr_1/Debug/xaxidma_example_simple_intr_1.elf' is downloaded to processor 'microblaze_0'.
20:48:55 INFO  : ----------------XSDB Script----------------
connect -url tcp:127.0.0.1:3121
targets -set -filter {jtag_cable_name =~ "Digilent JTAG-SMT2 210251A08870" && level==0} -index 0
fpga -file C:/Users/enine/Desktop/DMA/vitis/xaxidma_example_simple_intr_1/_ide/bitstream/design_1_wrapper.bit
configparams mdm-detect-bscan-mask 2
targets -set -nocase -filter {name =~ "*microblaze*#0" && bscan=="USER2" }
rst -system
after 3000
targets -set -nocase -filter {name =~ "*microblaze*#0" && bscan=="USER2" }
dow C:/Users/enine/Desktop/DMA/vitis/xaxidma_example_simple_intr_1/Debug/xaxidma_example_simple_intr_1.elf
----------------End of Script----------------

20:48:55 INFO  : Memory regions updated for context MicroBlaze #0
20:48:55 INFO  : Memory regions updated for context MicroBlaze Debug Module at USER2
20:48:55 INFO  : Context for processor 'microblaze_0' is selected.
20:48:55 INFO  : 'con' command is executed.
20:48:55 INFO  : ----------------XSDB Script (After Launch)----------------
targets -set -nocase -filter {name =~ "*microblaze*#0" && bscan=="USER2" }
con
----------------End of Script----------------

20:48:55 INFO  : Launch script is exported to file 'C:\Users\enine\Desktop\DMA\vitis\.sdk\launch_scripts\single_application_debug\debugger_xaxidma_example_simple_intr_1-default.tcl'
20:52:29 INFO  : Checking for BSP changes to sync application flags for project 'xaxidma_example_simple_intr_1'...
20:52:35 INFO  : Disconnected from the channel tcfchan#10.
20:52:36 INFO  : Connected to target on host '127.0.0.1' and port '3121'.
20:52:36 INFO  : Jtag cable 'Digilent JTAG-SMT2 210251A08870' is selected.
20:52:36 INFO  : 'jtag frequency' command is executed.
20:52:36 INFO  : 'targets -set -filter {jtag_cable_name =~ "Digilent JTAG-SMT2 210251A08870" && level==0} -index 0' command is executed.
20:52:38 INFO  : FPGA configured successfully with bitstream "C:/Users/enine/Desktop/DMA/vitis/xaxidma_example_simple_intr_1/_ide/bitstream/design_1_wrapper.bit"
20:52:38 INFO  : 'configparams mdm-detect-bscan-mask 2' command is executed.
20:52:38 INFO  : Context for processor 'microblaze_0' is selected.
20:52:38 INFO  : System reset is completed.
20:52:41 INFO  : 'after 3000' command is executed.
20:52:41 INFO  : Context for processor 'microblaze_0' is selected.
20:52:41 INFO  : The application 'C:/Users/enine/Desktop/DMA/vitis/xaxidma_example_simple_intr_1/Debug/xaxidma_example_simple_intr_1.elf' is downloaded to processor 'microblaze_0'.
20:52:41 INFO  : ----------------XSDB Script----------------
connect -url tcp:127.0.0.1:3121
targets -set -filter {jtag_cable_name =~ "Digilent JTAG-SMT2 210251A08870" && level==0} -index 0
fpga -file C:/Users/enine/Desktop/DMA/vitis/xaxidma_example_simple_intr_1/_ide/bitstream/design_1_wrapper.bit
configparams mdm-detect-bscan-mask 2
targets -set -nocase -filter {name =~ "*microblaze*#0" && bscan=="USER2" }
rst -system
after 3000
targets -set -nocase -filter {name =~ "*microblaze*#0" && bscan=="USER2" }
dow C:/Users/enine/Desktop/DMA/vitis/xaxidma_example_simple_intr_1/Debug/xaxidma_example_simple_intr_1.elf
----------------End of Script----------------

20:52:41 INFO  : Memory regions updated for context MicroBlaze #0
20:52:41 INFO  : Memory regions updated for context MicroBlaze Debug Module at USER2
20:52:41 INFO  : Context for processor 'microblaze_0' is selected.
20:52:41 INFO  : 'con' command is executed.
20:52:41 INFO  : ----------------XSDB Script (After Launch)----------------
targets -set -nocase -filter {name =~ "*microblaze*#0" && bscan=="USER2" }
con
----------------End of Script----------------

20:52:41 INFO  : Launch script is exported to file 'C:\Users\enine\Desktop\DMA\vitis\.sdk\launch_scripts\single_application_debug\debugger_xaxidma_example_simple_intr_1-default.tcl'
20:53:46 INFO  : Checking for BSP changes to sync application flags for project 'xaxidma_example_simple_intr_1'...
20:53:49 INFO  : Disconnected from the channel tcfchan#11.
20:53:50 INFO  : Connected to target on host '127.0.0.1' and port '3121'.
20:53:50 INFO  : Jtag cable 'Digilent JTAG-SMT2 210251A08870' is selected.
20:53:50 INFO  : 'jtag frequency' command is executed.
20:53:50 INFO  : 'targets -set -filter {jtag_cable_name =~ "Digilent JTAG-SMT2 210251A08870" && level==0} -index 0' command is executed.
20:53:52 INFO  : FPGA configured successfully with bitstream "C:/Users/enine/Desktop/DMA/vitis/xaxidma_example_simple_intr_1/_ide/bitstream/design_1_wrapper.bit"
20:53:52 INFO  : 'configparams mdm-detect-bscan-mask 2' command is executed.
20:53:52 INFO  : Context for processor 'microblaze_0' is selected.
20:53:52 INFO  : System reset is completed.
20:53:55 INFO  : 'after 3000' command is executed.
20:53:55 INFO  : Context for processor 'microblaze_0' is selected.
20:53:55 INFO  : The application 'C:/Users/enine/Desktop/DMA/vitis/xaxidma_example_simple_intr_1/Debug/xaxidma_example_simple_intr_1.elf' is downloaded to processor 'microblaze_0'.
20:53:55 INFO  : ----------------XSDB Script----------------
connect -url tcp:127.0.0.1:3121
targets -set -filter {jtag_cable_name =~ "Digilent JTAG-SMT2 210251A08870" && level==0} -index 0
fpga -file C:/Users/enine/Desktop/DMA/vitis/xaxidma_example_simple_intr_1/_ide/bitstream/design_1_wrapper.bit
configparams mdm-detect-bscan-mask 2
targets -set -nocase -filter {name =~ "*microblaze*#0" && bscan=="USER2" }
rst -system
after 3000
targets -set -nocase -filter {name =~ "*microblaze*#0" && bscan=="USER2" }
dow C:/Users/enine/Desktop/DMA/vitis/xaxidma_example_simple_intr_1/Debug/xaxidma_example_simple_intr_1.elf
----------------End of Script----------------

20:53:55 INFO  : Memory regions updated for context MicroBlaze #0
20:53:55 INFO  : Memory regions updated for context MicroBlaze Debug Module at USER2
20:53:55 INFO  : Context for processor 'microblaze_0' is selected.
20:53:55 INFO  : 'con' command is executed.
20:53:55 INFO  : ----------------XSDB Script (After Launch)----------------
targets -set -nocase -filter {name =~ "*microblaze*#0" && bscan=="USER2" }
con
----------------End of Script----------------

20:53:55 INFO  : Launch script is exported to file 'C:\Users\enine\Desktop\DMA\vitis\.sdk\launch_scripts\single_application_debug\debugger_xaxidma_example_simple_intr_1-default.tcl'
20:54:20 INFO  : Checking for BSP changes to sync application flags for project 'xaxidma_example_simple_intr_1'...
20:54:25 INFO  : Disconnected from the channel tcfchan#12.
20:54:26 INFO  : Connected to target on host '127.0.0.1' and port '3121'.
20:54:26 INFO  : Jtag cable 'Digilent JTAG-SMT2 210251A08870' is selected.
20:54:26 INFO  : 'jtag frequency' command is executed.
20:54:26 INFO  : 'targets -set -filter {jtag_cable_name =~ "Digilent JTAG-SMT2 210251A08870" && level==0} -index 0' command is executed.
20:54:28 INFO  : FPGA configured successfully with bitstream "C:/Users/enine/Desktop/DMA/vitis/xaxidma_example_simple_intr_1/_ide/bitstream/design_1_wrapper.bit"
20:54:28 INFO  : 'configparams mdm-detect-bscan-mask 2' command is executed.
20:54:28 INFO  : Context for processor 'microblaze_0' is selected.
20:54:28 INFO  : System reset is completed.
20:54:31 INFO  : 'after 3000' command is executed.
20:54:31 INFO  : Context for processor 'microblaze_0' is selected.
20:54:31 INFO  : The application 'C:/Users/enine/Desktop/DMA/vitis/xaxidma_example_simple_intr_1/Debug/xaxidma_example_simple_intr_1.elf' is downloaded to processor 'microblaze_0'.
20:54:31 INFO  : ----------------XSDB Script----------------
connect -url tcp:127.0.0.1:3121
targets -set -filter {jtag_cable_name =~ "Digilent JTAG-SMT2 210251A08870" && level==0} -index 0
fpga -file C:/Users/enine/Desktop/DMA/vitis/xaxidma_example_simple_intr_1/_ide/bitstream/design_1_wrapper.bit
configparams mdm-detect-bscan-mask 2
targets -set -nocase -filter {name =~ "*microblaze*#0" && bscan=="USER2" }
rst -system
after 3000
targets -set -nocase -filter {name =~ "*microblaze*#0" && bscan=="USER2" }
dow C:/Users/enine/Desktop/DMA/vitis/xaxidma_example_simple_intr_1/Debug/xaxidma_example_simple_intr_1.elf
----------------End of Script----------------

20:54:31 INFO  : Memory regions updated for context MicroBlaze #0
20:54:31 INFO  : Memory regions updated for context MicroBlaze Debug Module at USER2
20:54:31 INFO  : Context for processor 'microblaze_0' is selected.
20:54:31 INFO  : 'con' command is executed.
20:54:31 INFO  : ----------------XSDB Script (After Launch)----------------
targets -set -nocase -filter {name =~ "*microblaze*#0" && bscan=="USER2" }
con
----------------End of Script----------------

20:54:31 INFO  : Launch script is exported to file 'C:\Users\enine\Desktop\DMA\vitis\.sdk\launch_scripts\single_application_debug\debugger_xaxidma_example_simple_intr_1-default.tcl'
14:59:41 INFO  : Checking for BSP changes to sync application flags for project 'xaxidma_example_simple_intr_1'...
14:59:54 INFO  : Checking for BSP changes to sync application flags for project 'xaxidma_example_simple_intr_1'...
15:00:00 INFO  : Checking for BSP changes to sync application flags for project 'helloworld'...
15:01:29 INFO  : Checking for BSP changes to sync application flags for project 'helloworld'...
15:01:54 INFO  : Checking for BSP changes to sync application flags for project 'helloworld'...
15:03:08 INFO  : Checking for BSP changes to sync application flags for project 'helloworld'...
15:03:32 INFO  : Checking for BSP changes to sync application flags for project 'helloworld'...
15:04:08 INFO  : Checking for BSP changes to sync application flags for project 'helloworld'...
15:04:45 INFO  : Checking for BSP changes to sync application flags for project 'helloworld'...
15:06:48 INFO  : Checking for BSP changes to sync application flags for project 'helloworld'...
15:07:27 INFO  : Checking for BSP changes to sync application flags for project 'helloworld'...
15:08:14 INFO  : Checking for BSP changes to sync application flags for project 'helloworld'...
15:10:11 INFO  : Checking for BSP changes to sync application flags for project 'helloworld'...
15:13:47 INFO  : Checking for BSP changes to sync application flags for project 'helloworld'...
15:15:26 INFO  : Checking for BSP changes to sync application flags for project 'helloworld'...
15:17:44 INFO  : Checking for BSP changes to sync application flags for project 'helloworld'...
15:26:06 INFO  : Checking for BSP changes to sync application flags for project 'helloworld'...
15:27:02 INFO  : Checking for BSP changes to sync application flags for project 'helloworld'...
15:28:28 INFO  : Checking for BSP changes to sync application flags for project 'helloworld'...
15:28:38 INFO  : Checking for BSP changes to sync application flags for project 'helloworld'...
15:28:57 INFO  : Checking for BSP changes to sync application flags for project 'helloworld'...
15:31:46 INFO  : Checking for BSP changes to sync application flags for project 'helloworld'...
15:32:28 INFO  : Checking for BSP changes to sync application flags for project 'helloworld'...
15:35:56 INFO  : Checking for BSP changes to sync application flags for project 'helloworld'...
15:36:00 INFO  : Disconnected from the channel tcfchan#13.
15:36:01 INFO  : Connected to target on host '127.0.0.1' and port '3121'.
15:36:01 INFO  : Jtag cable 'Digilent JTAG-SMT2 210251A08870' is selected.
15:36:01 INFO  : 'jtag frequency' command is executed.
15:36:01 INFO  : 'targets -set -filter {jtag_cable_name =~ "Digilent JTAG-SMT2 210251A08870" && level==0} -index 0' command is executed.
15:36:02 INFO  : FPGA configured successfully with bitstream "C:/Users/enine/Desktop/DMA/vitis/helloworld/_ide/bitstream/design_1_wrapper.bit"
15:36:02 INFO  : 'configparams mdm-detect-bscan-mask 2' command is executed.
15:36:02 INFO  : Context for processor 'microblaze_0' is selected.
15:36:02 INFO  : System reset is completed.
15:36:05 INFO  : 'after 3000' command is executed.
15:36:05 INFO  : Context for processor 'microblaze_0' is selected.
15:36:06 INFO  : The application 'C:/Users/enine/Desktop/DMA/vitis/helloworld/Debug/helloworld.elf' is downloaded to processor 'microblaze_0'.
15:36:06 INFO  : ----------------XSDB Script----------------
connect -url tcp:127.0.0.1:3121
targets -set -filter {jtag_cable_name =~ "Digilent JTAG-SMT2 210251A08870" && level==0} -index 0
fpga -file C:/Users/enine/Desktop/DMA/vitis/helloworld/_ide/bitstream/design_1_wrapper.bit
configparams mdm-detect-bscan-mask 2
targets -set -nocase -filter {name =~ "*microblaze*#0" && bscan=="USER2" }
rst -system
after 3000
targets -set -nocase -filter {name =~ "*microblaze*#0" && bscan=="USER2" }
dow C:/Users/enine/Desktop/DMA/vitis/helloworld/Debug/helloworld.elf
----------------End of Script----------------

15:36:06 INFO  : Memory regions updated for context MicroBlaze #0
15:36:06 INFO  : Memory regions updated for context MicroBlaze Debug Module at USER2
15:36:06 INFO  : Context for processor 'microblaze_0' is selected.
15:36:06 INFO  : 'con' command is executed.
15:36:06 INFO  : ----------------XSDB Script (After Launch)----------------
targets -set -nocase -filter {name =~ "*microblaze*#0" && bscan=="USER2" }
con
----------------End of Script----------------

15:36:06 INFO  : Launch script is exported to file 'C:\Users\enine\Desktop\DMA\vitis\.sdk\launch_scripts\single_application_debug\debugger_helloworld-default.tcl'
15:36:39 INFO  : Checking for BSP changes to sync application flags for project 'helloworld'...
15:36:47 INFO  : Disconnected from the channel tcfchan#14.
15:36:48 INFO  : Connected to target on host '127.0.0.1' and port '3121'.
15:36:48 INFO  : Jtag cable 'Digilent JTAG-SMT2 210251A08870' is selected.
15:36:48 INFO  : 'jtag frequency' command is executed.
15:36:48 INFO  : 'targets -set -filter {jtag_cable_name =~ "Digilent JTAG-SMT2 210251A08870" && level==0} -index 0' command is executed.
15:36:49 INFO  : FPGA configured successfully with bitstream "C:/Users/enine/Desktop/DMA/vitis/helloworld/_ide/bitstream/design_1_wrapper.bit"
15:36:49 INFO  : 'configparams mdm-detect-bscan-mask 2' command is executed.
15:36:49 INFO  : Context for processor 'microblaze_0' is selected.
15:36:49 INFO  : System reset is completed.
15:36:52 INFO  : 'after 3000' command is executed.
15:36:52 INFO  : Context for processor 'microblaze_0' is selected.
15:36:53 INFO  : The application 'C:/Users/enine/Desktop/DMA/vitis/helloworld/Debug/helloworld.elf' is downloaded to processor 'microblaze_0'.
15:36:53 INFO  : ----------------XSDB Script----------------
connect -url tcp:127.0.0.1:3121
targets -set -filter {jtag_cable_name =~ "Digilent JTAG-SMT2 210251A08870" && level==0} -index 0
fpga -file C:/Users/enine/Desktop/DMA/vitis/helloworld/_ide/bitstream/design_1_wrapper.bit
configparams mdm-detect-bscan-mask 2
targets -set -nocase -filter {name =~ "*microblaze*#0" && bscan=="USER2" }
rst -system
after 3000
targets -set -nocase -filter {name =~ "*microblaze*#0" && bscan=="USER2" }
dow C:/Users/enine/Desktop/DMA/vitis/helloworld/Debug/helloworld.elf
----------------End of Script----------------

15:36:53 INFO  : Memory regions updated for context MicroBlaze #0
15:36:53 INFO  : Memory regions updated for context MicroBlaze Debug Module at USER2
15:36:53 INFO  : Context for processor 'microblaze_0' is selected.
15:36:53 INFO  : 'con' command is executed.
15:36:53 INFO  : ----------------XSDB Script (After Launch)----------------
targets -set -nocase -filter {name =~ "*microblaze*#0" && bscan=="USER2" }
con
----------------End of Script----------------

15:36:53 INFO  : Launch script is exported to file 'C:\Users\enine\Desktop\DMA\vitis\.sdk\launch_scripts\single_application_debug\debugger_helloworld-default.tcl'
15:37:30 INFO  : Checking for BSP changes to sync application flags for project 'helloworld'...
15:37:44 INFO  : Disconnected from the channel tcfchan#15.
15:37:45 INFO  : Connected to target on host '127.0.0.1' and port '3121'.
15:37:45 INFO  : Jtag cable 'Digilent JTAG-SMT2 210251A08870' is selected.
15:37:45 INFO  : 'jtag frequency' command is executed.
15:37:45 INFO  : 'targets -set -filter {jtag_cable_name =~ "Digilent JTAG-SMT2 210251A08870" && level==0} -index 0' command is executed.
15:37:46 INFO  : FPGA configured successfully with bitstream "C:/Users/enine/Desktop/DMA/vitis/helloworld/_ide/bitstream/design_1_wrapper.bit"
15:37:46 INFO  : 'configparams mdm-detect-bscan-mask 2' command is executed.
15:37:46 INFO  : Context for processor 'microblaze_0' is selected.
15:37:46 INFO  : System reset is completed.
15:37:49 INFO  : 'after 3000' command is executed.
15:37:49 INFO  : Context for processor 'microblaze_0' is selected.
15:37:50 INFO  : The application 'C:/Users/enine/Desktop/DMA/vitis/helloworld/Debug/helloworld.elf' is downloaded to processor 'microblaze_0'.
15:37:50 INFO  : ----------------XSDB Script----------------
connect -url tcp:127.0.0.1:3121
targets -set -filter {jtag_cable_name =~ "Digilent JTAG-SMT2 210251A08870" && level==0} -index 0
fpga -file C:/Users/enine/Desktop/DMA/vitis/helloworld/_ide/bitstream/design_1_wrapper.bit
configparams mdm-detect-bscan-mask 2
targets -set -nocase -filter {name =~ "*microblaze*#0" && bscan=="USER2" }
rst -system
after 3000
targets -set -nocase -filter {name =~ "*microblaze*#0" && bscan=="USER2" }
dow C:/Users/enine/Desktop/DMA/vitis/helloworld/Debug/helloworld.elf
----------------End of Script----------------

15:37:50 INFO  : Memory regions updated for context MicroBlaze #0
15:37:50 INFO  : Memory regions updated for context MicroBlaze Debug Module at USER2
15:37:50 INFO  : Context for processor 'microblaze_0' is selected.
15:37:50 INFO  : 'con' command is executed.
15:37:50 INFO  : ----------------XSDB Script (After Launch)----------------
targets -set -nocase -filter {name =~ "*microblaze*#0" && bscan=="USER2" }
con
----------------End of Script----------------

15:37:50 INFO  : Launch script is exported to file 'C:\Users\enine\Desktop\DMA\vitis\.sdk\launch_scripts\single_application_debug\debugger_helloworld-default.tcl'
15:38:54 INFO  : Checking for BSP changes to sync application flags for project 'helloworld'...
15:39:00 INFO  : Disconnected from the channel tcfchan#16.
15:39:01 INFO  : Connected to target on host '127.0.0.1' and port '3121'.
15:39:01 INFO  : Jtag cable 'Digilent JTAG-SMT2 210251A08870' is selected.
15:39:01 INFO  : 'jtag frequency' command is executed.
15:39:01 INFO  : 'targets -set -filter {jtag_cable_name =~ "Digilent JTAG-SMT2 210251A08870" && level==0} -index 0' command is executed.
15:39:03 INFO  : FPGA configured successfully with bitstream "C:/Users/enine/Desktop/DMA/vitis/helloworld/_ide/bitstream/design_1_wrapper.bit"
15:39:03 INFO  : 'configparams mdm-detect-bscan-mask 2' command is executed.
15:39:03 INFO  : Context for processor 'microblaze_0' is selected.
15:39:03 INFO  : System reset is completed.
15:39:06 INFO  : 'after 3000' command is executed.
15:39:06 INFO  : Context for processor 'microblaze_0' is selected.
15:39:07 INFO  : The application 'C:/Users/enine/Desktop/DMA/vitis/helloworld/Debug/helloworld.elf' is downloaded to processor 'microblaze_0'.
15:39:07 INFO  : ----------------XSDB Script----------------
connect -url tcp:127.0.0.1:3121
targets -set -filter {jtag_cable_name =~ "Digilent JTAG-SMT2 210251A08870" && level==0} -index 0
fpga -file C:/Users/enine/Desktop/DMA/vitis/helloworld/_ide/bitstream/design_1_wrapper.bit
configparams mdm-detect-bscan-mask 2
targets -set -nocase -filter {name =~ "*microblaze*#0" && bscan=="USER2" }
rst -system
after 3000
targets -set -nocase -filter {name =~ "*microblaze*#0" && bscan=="USER2" }
dow C:/Users/enine/Desktop/DMA/vitis/helloworld/Debug/helloworld.elf
----------------End of Script----------------

15:39:07 INFO  : Memory regions updated for context MicroBlaze #0
15:39:07 INFO  : Memory regions updated for context MicroBlaze Debug Module at USER2
15:39:07 INFO  : Context for processor 'microblaze_0' is selected.
15:39:07 INFO  : 'con' command is executed.
15:39:07 INFO  : ----------------XSDB Script (After Launch)----------------
targets -set -nocase -filter {name =~ "*microblaze*#0" && bscan=="USER2" }
con
----------------End of Script----------------

15:39:07 INFO  : Launch script is exported to file 'C:\Users\enine\Desktop\DMA\vitis\.sdk\launch_scripts\single_application_debug\debugger_helloworld-default.tcl'
19:29:03 INFO  : Checking for BSP changes to sync application flags for project 'helloworld'...
19:29:44 INFO  : Disconnected from the channel tcfchan#17.
19:29:45 INFO  : Connected to target on host '127.0.0.1' and port '3121'.
19:29:54 INFO  : ----------------XSDB Script----------------
connect -url tcp:127.0.0.1:3121
----------------End of Script----------------

19:29:54 ERROR : Could not find FPGA device on the board for connection 'Local'.


Troubleshooting hints:
1. Check whether board is connected to system properly.
2. In case of zynq board, check whether Digilent/Xilinx cable switch settings are correct.
3. If you are using Xilinx Platform Cable USB, ensure that status LED is green.
19:31:48 INFO  : Connected to target on host '127.0.0.1' and port '3121'.
19:31:48 INFO  : Jtag cable 'Digilent JTAG-SMT2 210251A08870' is selected.
19:31:48 INFO  : 'jtag frequency' command is executed.
19:31:48 INFO  : 'targets -set -filter {jtag_cable_name =~ "Digilent JTAG-SMT2 210251A08870" && level==0} -index 0' command is executed.
19:31:50 INFO  : FPGA configured successfully with bitstream "C:/Users/enine/Desktop/DMA/vitis/helloworld/_ide/bitstream/design_1_wrapper.bit"
19:31:50 INFO  : 'configparams mdm-detect-bscan-mask 2' command is executed.
19:31:50 INFO  : Context for processor 'microblaze_0' is selected.
19:31:50 INFO  : System reset is completed.
19:31:53 INFO  : 'after 3000' command is executed.
19:31:53 INFO  : Context for processor 'microblaze_0' is selected.
19:31:53 INFO  : The application 'C:/Users/enine/Desktop/DMA/vitis/helloworld/Debug/helloworld.elf' is downloaded to processor 'microblaze_0'.
19:31:53 INFO  : ----------------XSDB Script----------------
connect -url tcp:127.0.0.1:3121
targets -set -filter {jtag_cable_name =~ "Digilent JTAG-SMT2 210251A08870" && level==0} -index 0
fpga -file C:/Users/enine/Desktop/DMA/vitis/helloworld/_ide/bitstream/design_1_wrapper.bit
configparams mdm-detect-bscan-mask 2
targets -set -nocase -filter {name =~ "*microblaze*#0" && bscan=="USER2" }
rst -system
after 3000
targets -set -nocase -filter {name =~ "*microblaze*#0" && bscan=="USER2" }
dow C:/Users/enine/Desktop/DMA/vitis/helloworld/Debug/helloworld.elf
----------------End of Script----------------

19:31:53 INFO  : Memory regions updated for context MicroBlaze #0
19:31:53 INFO  : Memory regions updated for context MicroBlaze Debug Module at USER2
19:31:53 INFO  : Context for processor 'microblaze_0' is selected.
19:31:53 INFO  : 'con' command is executed.
19:31:53 INFO  : ----------------XSDB Script (After Launch)----------------
targets -set -nocase -filter {name =~ "*microblaze*#0" && bscan=="USER2" }
con
----------------End of Script----------------

19:31:53 INFO  : Launch script is exported to file 'C:\Users\enine\Desktop\DMA\vitis\.sdk\launch_scripts\single_application_debug\debugger_helloworld-default.tcl'
20:54:48 INFO  : Disconnected from the channel tcfchan#18.
